<?xml version="1.0" encoding="UTF-8"?>
<!-- Generated by org.testng.reporters.JUnitXMLReporter -->
<testsuite ignored="0" hostname="DESKTOP-7SLRVMH" failures="1" tests="7" name="Regresion Test" time="36.777" errors="0" timestamp="2023-09-16T16:23:28 IST">
  <testcase classname="com.store.testCases.ConfirmationValidation" name="login" time="1.142"/>
  <testcase classname="com.store.testCases.ConfirmationValidation" name="Menu" time="5.023"/>
  <testcase classname="com.store.testCases.ConfirmationValidation" name="Product" time="10.626">
    <failure type="java.lang.AssertionError" message="The following asserts failed:
	Page Logo is not displayed in products page expected [true] but found [false],
	Menu Icon is not Available in products page expected [true] but found [false]">
      <![CDATA[java.lang.AssertionError: The following asserts failed:
Page Logo is not displayed in products page expected [true] but found [false],
Menu Icon is not Available in products page expected [true] but found [false]
at com.store.testCases.ConfirmationValidation.Product(ConfirmationValidation.java:121)
at java.base/java.util.ArrayList.forEach(ArrayList.java:1511)
... Removed 29 stack frames]]>
    </failure>
  </testcase> <!-- Product -->
  <testcase classname="com.store.testCases.ConfirmationValidation" name="AddToCart" time="0.457"/>
  <testcase classname="com.store.testCases.ConfirmationValidation" name="YourCart" time="1.931"/>
  <testcase classname="com.store.testCases.ConfirmationValidation" name="checkout" time="3.02"/>
  <testcase classname="com.store.testCases.ConfirmationValidation" name="Confirmation" time="0.447"/>
</testsuite> <!-- Regresion Test -->
