<?xml version="1.0" encoding="UTF-8"?>
<!-- Generated by org.testng.reporters.JUnitXMLReporter -->
<testsuite ignored="0" hostname="DESKTOP-7SLRVMH" failures="1" tests="7" name="Test" time="32.884" errors="0" timestamp="2023-09-16T15:19:53 IST">
  <testcase classname="com.store.testCases.ConfirmationValidation" name="login" time="1.05"/>
  <testcase classname="com.store.testCases.ConfirmationValidation" name="Menu" time="5.042"/>
  <testcase classname="com.store.testCases.ConfirmationValidation" name="Product" time="9.231">
    <failure type="java.lang.AssertionError" message="The following asserts failed:
	Page Logo is not displayed in products page expected [true] but found [false],
	Menu Icon is not Available in products page expected [true] but found [false]">
      <![CDATA[java.lang.AssertionError: The following asserts failed:
Page Logo is not displayed in products page expected [true] but found [false],
Menu Icon is not Available in products page expected [true] but found [false]
at com.store.testCases.ConfirmationValidation.Product(ConfirmationValidation.java:121)
at java.base/java.util.ArrayList.forEach(ArrayList.java:1511)
... Removed 29 stack frames]]>
    </failure>
  </testcase> <!-- Product -->
  <testcase classname="com.store.testCases.ConfirmationValidation" name="AddToCart" time="0.415"/>
  <testcase classname="com.store.testCases.ConfirmationValidation" name="YourCart" time="2.253"/>
  <testcase classname="com.store.testCases.ConfirmationValidation" name="checkout" time="2.501"/>
  <testcase classname="com.store.testCases.ConfirmationValidation" name="Confirmation" time="0.45"/>
</testsuite> <!-- Test -->
