<?xml version="1.0" encoding="UTF-8"?>
<testng-results ignored="0" total="7" passed="6" failed="1" skipped="0">
  <reporter-output>
  </reporter-output>
  <suite started-at="2023-09-16T16:22:51 IST" name="Suite" finished-at="2023-09-16T16:23:28 IST" duration-ms="36777">
    <groups>
      <group name="regression">
        <method signature="ConfirmationValidation.login(java.lang.String,java.lang.String)[pri:1, instance:com.store.testCases.ConfirmationValidation@740fb309]" name="login" class="com.store.testCases.ConfirmationValidation"/>
        <method signature="ConfirmationValidation.Menu()[pri:2, instance:com.store.testCases.ConfirmationValidation@740fb309]" name="Menu" class="com.store.testCases.ConfirmationValidation"/>
        <method signature="ConfirmationValidation.Product()[pri:3, instance:com.store.testCases.ConfirmationValidation@740fb309]" name="Product" class="com.store.testCases.ConfirmationValidation"/>
        <method signature="ConfirmationValidation.AddToCart()[pri:4, instance:com.store.testCases.ConfirmationValidation@740fb309]" name="AddToCart" class="com.store.testCases.ConfirmationValidation"/>
        <method signature="ConfirmationValidation.YourCart()[pri:5, instance:com.store.testCases.ConfirmationValidation@740fb309]" name="YourCart" class="com.store.testCases.ConfirmationValidation"/>
        <method signature="ConfirmationValidation.checkout()[pri:6, instance:com.store.testCases.ConfirmationValidation@740fb309]" name="checkout" class="com.store.testCases.ConfirmationValidation"/>
        <method signature="ConfirmationValidation.Confirmation()[pri:7, instance:com.store.testCases.ConfirmationValidation@740fb309]" name="Confirmation" class="com.store.testCases.ConfirmationValidation"/>
      </group> <!-- regression -->
      <group name="sanity">
        <method signature="ConfirmationValidation.login(java.lang.String,java.lang.String)[pri:1, instance:com.store.testCases.ConfirmationValidation@740fb309]" name="login" class="com.store.testCases.ConfirmationValidation"/>
        <method signature="ConfirmationValidation.Menu()[pri:2, instance:com.store.testCases.ConfirmationValidation@740fb309]" name="Menu" class="com.store.testCases.ConfirmationValidation"/>
      </group> <!-- sanity -->
    </groups>
    <test started-at="2023-09-16T16:22:51 IST" name="Regresion Test" finished-at="2023-09-16T16:23:28 IST" duration-ms="36777">
      <class name="com.store.testCases.ConfirmationValidation">
        <test-method is-config="true" signature="loadConfig()[pri:0, instance:com.store.testCases.ConfirmationValidation@740fb309]" started-at="2023-09-16T16:22:51 IST" name="loadConfig" finished-at="2023-09-16T16:22:51 IST" duration-ms="612" status="PASS">
          <reporter-output>
          </reporter-output>
        </test-method> <!-- loadConfig -->
        <test-method is-config="true" signature="setup(java.lang.String)[pri:0, instance:com.store.testCases.ConfirmationValidation@740fb309]" started-at="2023-09-16T16:22:51 IST" name="setup" finished-at="2023-09-16T16:23:04 IST" duration-ms="13006" status="PASS">
          <params>
            <param index="0">
              <value>
                <![CDATA[chrome]]>
              </value>
            </param>
          </params>
          <reporter-output>
          </reporter-output>
        </test-method> <!-- setup -->
        <test-method signature="login(java.lang.String,java.lang.String)[pri:1, instance:com.store.testCases.ConfirmationValidation@740fb309]" started-at="2023-09-16T16:23:04 IST" name="login" data-provider="logindata" finished-at="2023-09-16T16:23:06 IST" duration-ms="1142" status="PASS">
          <params>
            <param index="0">
              <value>
                <![CDATA[standard_user]]>
              </value>
            </param>
            <param index="1">
              <value>
                <![CDATA[secret_sauce]]>
              </value>
            </param>
          </params>
          <reporter-output>
          </reporter-output>
        </test-method> <!-- login -->
        <test-method signature="Menu()[pri:2, instance:com.store.testCases.ConfirmationValidation@740fb309]" started-at="2023-09-16T16:23:06 IST" name="Menu" finished-at="2023-09-16T16:23:11 IST" duration-ms="5023" status="PASS">
          <reporter-output>
          </reporter-output>
        </test-method> <!-- Menu -->
        <test-method signature="Product()[pri:3, instance:com.store.testCases.ConfirmationValidation@740fb309]" started-at="2023-09-16T16:23:11 IST" name="Product" finished-at="2023-09-16T16:23:21 IST" duration-ms="10626" status="FAIL">
          <exception class="java.lang.AssertionError">
            <message>
              <![CDATA[The following asserts failed:
Page Logo is not displayed in products page expected [true] but found [false],
Menu Icon is not Available in products page expected [true] but found [false]]]>
            </message>
            <full-stacktrace>
              <![CDATA[java.lang.AssertionError: The following asserts failed:
Page Logo is not displayed in products page expected [true] but found [false],
Menu Icon is not Available in products page expected [true] but found [false]
at org.testng.asserts.SoftAssert.assertAll(SoftAssert.java:46)
at org.testng.asserts.SoftAssert.assertAll(SoftAssert.java:30)
at com.store.testCases.ConfirmationValidation.Product(ConfirmationValidation.java:121)
at java.base/jdk.internal.reflect.NativeMethodAccessorImpl.invoke0(Native Method)
at java.base/jdk.internal.reflect.NativeMethodAccessorImpl.invoke(NativeMethodAccessorImpl.java:77)
at java.base/jdk.internal.reflect.DelegatingMethodAccessorImpl.invoke(DelegatingMethodAccessorImpl.java:43)
at java.base/java.lang.reflect.Method.invoke(Method.java:568)
at org.testng.internal.invokers.MethodInvocationHelper.invokeMethod(MethodInvocationHelper.java:139)
at org.testng.internal.invokers.TestInvoker.invokeMethod(TestInvoker.java:664)
at org.testng.internal.invokers.TestInvoker.invokeTestMethod(TestInvoker.java:227)
at org.testng.internal.invokers.MethodRunner.runInSequence(MethodRunner.java:50)
at org.testng.internal.invokers.TestInvoker$MethodInvocationAgent.invoke(TestInvoker.java:957)
at org.testng.internal.invokers.TestInvoker.invokeTestMethods(TestInvoker.java:200)
at org.testng.internal.invokers.TestMethodWorker.invokeTestMethods(TestMethodWorker.java:148)
at org.testng.internal.invokers.TestMethodWorker.run(TestMethodWorker.java:128)
at java.base/java.util.ArrayList.forEach(ArrayList.java:1511)
at org.testng.TestRunner.privateRun(TestRunner.java:848)
at org.testng.TestRunner.run(TestRunner.java:621)
at org.testng.SuiteRunner.runTest(SuiteRunner.java:443)
at org.testng.SuiteRunner.runSequentially(SuiteRunner.java:437)
at org.testng.SuiteRunner.privateRun(SuiteRunner.java:397)
at org.testng.SuiteRunner.run(SuiteRunner.java:336)
at org.testng.SuiteRunnerWorker.runSuite(SuiteRunnerWorker.java:52)
at org.testng.SuiteRunnerWorker.run(SuiteRunnerWorker.java:95)
at org.testng.TestNG.runSuitesSequentially(TestNG.java:1280)
at org.testng.TestNG.runSuitesLocally(TestNG.java:1200)
at org.testng.TestNG.runSuites(TestNG.java:1114)
at org.testng.TestNG.run(TestNG.java:1082)
at org.testng.remote.AbstractRemoteTestNG.run(AbstractRemoteTestNG.java:115)
at org.testng.remote.RemoteTestNG.initAndRun(RemoteTestNG.java:251)
at org.testng.remote.RemoteTestNG.main(RemoteTestNG.java:77)
]]>
            </full-stacktrace>
          </exception> <!-- java.lang.AssertionError -->
          <reporter-output>
          </reporter-output>
        </test-method> <!-- Product -->
        <test-method signature="AddToCart()[pri:4, instance:com.store.testCases.ConfirmationValidation@740fb309]" started-at="2023-09-16T16:23:22 IST" name="AddToCart" finished-at="2023-09-16T16:23:22 IST" duration-ms="457" status="PASS">
          <reporter-output>
          </reporter-output>
        </test-method> <!-- AddToCart -->
        <test-method signature="YourCart()[pri:5, instance:com.store.testCases.ConfirmationValidation@740fb309]" started-at="2023-09-16T16:23:22 IST" name="YourCart" finished-at="2023-09-16T16:23:24 IST" duration-ms="1931" status="PASS">
          <reporter-output>
          </reporter-output>
        </test-method> <!-- YourCart -->
        <test-method signature="checkout()[pri:6, instance:com.store.testCases.ConfirmationValidation@740fb309]" started-at="2023-09-16T16:23:24 IST" name="checkout" finished-at="2023-09-16T16:23:27 IST" duration-ms="3020" status="PASS">
          <reporter-output>
          </reporter-output>
        </test-method> <!-- checkout -->
        <test-method signature="Confirmation()[pri:7, instance:com.store.testCases.ConfirmationValidation@740fb309]" started-at="2023-09-16T16:23:27 IST" name="Confirmation" finished-at="2023-09-16T16:23:28 IST" duration-ms="447" status="PASS">
          <reporter-output>
          </reporter-output>
        </test-method> <!-- Confirmation -->
        <test-method is-config="true" signature="close()[pri:0, instance:com.store.testCases.ConfirmationValidation@740fb309]" started-at="2023-09-16T16:23:28 IST" name="close" finished-at="2023-09-16T16:23:28 IST" duration-ms="479" status="PASS">
          <reporter-output>
          </reporter-output>
        </test-method> <!-- close -->
        <test-method is-config="true" signature="afterSuite()[pri:0, instance:com.store.testCases.ConfirmationValidation@740fb309]" started-at="2023-09-16T16:23:28 IST" name="afterSuite" finished-at="2023-09-16T16:23:29 IST" duration-ms="806" status="PASS">
          <reporter-output>
          </reporter-output>
        </test-method> <!-- afterSuite -->
      </class> <!-- com.store.testCases.ConfirmationValidation -->
    </test> <!-- Regresion Test -->
  </suite> <!-- Suite -->
</testng-results>
